<?xml version="1.0" encoding="UTF-8"?>
<testsuite xmlns:xsi="http://www.w3.org/2001/XMLSchema-instance" xsi:noNamespaceSchemaLocation="https://maven.apache.org/surefire/maven-surefire-plugin/xsd/surefire-test-report-3.0.xsd" version="3.0" name="TestSuite" time="259.574" tests="65" errors="0" skipped="0" failures="0">
  <properties>
[...]
</properties>
  <testcase name="deleteAlbumById" classname="com.lise.testCases.album.Delete" time="11.108"/>
  <testcase name="getAlbumById" classname="com.lise.testCases.album.Get" time="0.982"/>
  <testcase name="getAllAlbumByPostId" classname="com.lise.testCases.album.Get" time="1.902"/>
  <testcase name="getAllAlbumByUserId" classname="com.lise.testCases.album.Get" time="1.701"/>
  <testcase name="getAllAlbums" classname="com.lise.testCases.album.Get" time="1.506"/>
  <testcase name="getAllCommentsByAlbumId" classname="com.lise.testCases.album.Get" time="3.474"/>
  <testcase name="getAllPhotoByAlbumId" classname="com.lise.testCases.album.Get" time="1.729"/>
  <testcase name="getAllPostsByAlbumId" classname="com.lise.testCases.album.Get" time="2.072"/>
  <testcase name="getAllTodosByAlbumId" classname="com.lise.testCases.album.Get" time="1.94"/>
  <testcase name="patchAlbum" classname="com.lise.testCases.album.Patch" time="7.369"/>
  <testcase name="createAlbum" classname="com.lise.testCases.album.Post" time="4.502"/>
  <testcase name="updateAlbum" classname="com.lise.testCases.album.Put" time="5.865"/>
  <testcase name="deleteCommentsById" classname="com.lise.testCases.comments.Delete" time="11.568"/>
  <testcase name="getAlbumByCommentId" classname="com.lise.testCases.comments.Get" time="1.834"/>
  <testcase name="getAllComments" classname="com.lise.testCases.comments.Get" time="1.161"/>
  <testcase name="getAllCommentsByPostId" classname="com.lise.testCases.comments.Get" time="1.272"/>
  <testcase name="getAllPhotoByCommentsId" classname="com.lise.testCases.comments.Get" time="2.879"/>
  <testcase name="getAllTodosByCommentId" classname="com.lise.testCases.comments.Get" time="0.817"/>
  <testcase name="getCommentById" classname="com.lise.testCases.comments.Get" time="0.827"/>
  <testcase name="patchCommentById" classname="com.lise.testCases.comments.Patch" time="9.41"/>
  <testcase name="createComments" classname="com.lise.testCases.comments.Post" time="4.978"/>
  <testcase name="updateCommentById" classname="com.lise.testCases.comments.Put" time="16.935"/>
  <testcase name="deletePhotoById" classname="com.lise.testCases.photos.Delete" time="10.207"/>
  <testcase name="getAllAlbumByPhotoId" classname="com.lise.testCases.photos.Get" time="0.568"/>
  <testcase name="getAllCommentsByPhotoId" classname="com.lise.testCases.photos.Get" time="0.827"/>
  <testcase name="getAllPhotoByAlbumId" classname="com.lise.testCases.photos.Get" time="1.292"/>
  <testcase name="getAllPhotos" classname="com.lise.testCases.photos.Get" time="5.211"/>
  <testcase name="getAllPostByPhotoId" classname="com.lise.testCases.photos.Get" time="5.663"/>
  <testcase name="getAllTodosByPhotoId" classname="com.lise.testCases.photos.Get" time="1.212"/>
  <testcase name="getPhotoById" classname="com.lise.testCases.photos.Get" time="1.333"/>
  <testcase name="patchPhoto" classname="com.lise.testCases.photos.Patch" time="8.497"/>
  <testcase name="createPhoto" classname="com.lise.testCases.photos.Post" time="4.71"/>
  <testcase name="updatePhoto" classname="com.lise.testCases.photos.Put" time="8.366"/>
  <testcase name="deletePostById" classname="com.lise.testCases.posts.Delete" time="4.532"/>
  <testcase name="getAllAlbumByPostId" classname="com.lise.testCases.posts.Get" time="0.707"/>
  <testcase name="getAllCommentByPostsId" classname="com.lise.testCases.posts.Get" time="0.456"/>
  <testcase name="getAllPhotoByPostId" classname="com.lise.testCases.posts.Get" time="2.142"/>
  <testcase name="getAllPostByUserId" classname="com.lise.testCases.posts.Get" time="0.476"/>
  <testcase name="getAllPosts" classname="com.lise.testCases.posts.Get" time="0.45"/>
  <testcase name="getAllTodosByPostId" classname="com.lise.testCases.posts.Get" time="0.459"/>
  <testcase name="getPostById" classname="com.lise.testCases.posts.Get" time="0.416"/>
  <testcase name="patchPostById" classname="com.lise.testCases.posts.Patch" time="3.163"/>
  <testcase name="createPost" classname="com.lise.testCases.posts.Post" time="2.582"/>
  <testcase name="updatePostById" classname="com.lise.testCases.posts.Put" time="5.122"/>
  <testcase name="deleteTodoById" classname="com.lise.testCases.todos.Delete" time="6.142"/>
  <testcase name="getAllAlbumByTodoId" classname="com.lise.testCases.todos.Get" time="1.228"/>
  <testcase name="getAllCommentsByTodoId" classname="com.lise.testCases.todos.Get" time="1.457"/>
  <testcase name="getAllPhotoByTodoId" classname="com.lise.testCases.todos.Get" time="2.873"/>
  <testcase name="getAllPostByTodoId" classname="com.lise.testCases.todos.Get" time="0.485"/>
  <testcase name="getAllTodoByUserId" classname="com.lise.testCases.todos.Get" time="1.123"/>
  <testcase name="getAllTodos" classname="com.lise.testCases.todos.Get" time="0.552"/>
  <testcase name="getTodoById" classname="com.lise.testCases.todos.Get" time="0.532"/>
  <testcase name="patchTodoById" classname="com.lise.testCases.todos.Patch" time="10.111"/>
  <testcase name="createTodo" classname="com.lise.testCases.todos.Post" time="4.357"/>
  <testcase name="updateTodoById" classname="com.lise.testCases.todos.Put" time="16.117"/>
  <testcase name="deleteUserById" classname="com.lise.testCases.users.Delete" time="10.312"/>
  <testcase name="getAllAlbumByUserId" classname="com.lise.testCases.users.Get" time="2.661"/>
  <testcase name="getAllPhotoByUserId" classname="com.lise.testCases.users.Get" time="7.005"/>
  <testcase name="getAllPostByUserId" classname="com.lise.testCases.users.Get" time="2.126"/>
  <testcase name="getAllTodosByUserId" classname="com.lise.testCases.users.Get" time="3.255"/>
  <testcase name="getAllUsers" classname="com.lise.testCases.users.Get" time="1.659"/>
  <testcase name="getUserById" classname="com.lise.testCases.users.Get" time="1.317"/>
  <testcase name="patchUserById" classname="com.lise.testCases.users.Patch" time="9.178"/>
  <testcase name="createUser" classname="com.lise.testCases.users.Post" time="2.083"/>
  <testcase name="updateUserById" classname="com.lise.testCases.users.Put" time="4.084"/>
</testsuite>