<?xml version="1.0" encoding="UTF-8"?>
<testng-results ignored="29" total="94" passed="65" failed="0" skipped="0">
  <reporter-output>
  </reporter-output>
  <suite started-at="2023-06-26T22:28:46 IST" name="All Test Suite" finished-at="2023-06-26T22:32:59 IST" duration-ms="252952">
    <groups>
    </groups>
    <test started-at="2023-06-26T22:28:46 IST" name="/Users/apple/Desktop/code/second2project/javaCoreProject/JsonHolder" finished-at="2023-06-26T22:32:59 IST" duration-ms="252952">
      <class name="com.lise.testCases.album.Put">
        <test-method signature="updateAlbum()[pri:0, instance:com.lise.testCases.album.Put@50a7bc6e]" started-at="2023-06-26T22:29:25 IST" name="updateAlbum" finished-at="2023-06-26T22:29:31 IST" duration-ms="5864" status="PASS">
          <reporter-output>
          </reporter-output>
        </test-method> <!-- updateAlbum -->
      </class> <!-- com.lise.testCases.album.Put -->
      <class name="com.lise.testCases.photos.Patch">
        <test-method signature="patchPhoto()[pri:0, instance:com.lise.testCases.photos.Patch@358c99f5]" started-at="2023-06-26T22:30:49 IST" name="patchPhoto" finished-at="2023-06-26T22:30:57 IST" duration-ms="8496" status="PASS">
          <reporter-output>
          </reporter-output>
        </test-method> <!-- patchPhoto -->
      </class> <!-- com.lise.testCases.photos.Patch -->
      <class name="com.lise.testCases.todos.Patch">
        <test-method signature="patchTodoById()[pri:0, instance:com.lise.testCases.todos.Patch@258e2e41]" started-at="2023-06-26T22:31:45 IST" name="patchTodoById" finished-at="2023-06-26T22:31:55 IST" duration-ms="10111" status="PASS">
          <reporter-output>
          </reporter-output>
        </test-method> <!-- patchTodoById -->
      </class> <!-- com.lise.testCases.todos.Patch -->
      <class name="com.lise.testCases.users.Get">
        <test-method signature="getAllAlbumByUserId()[pri:0, instance:com.lise.testCases.users.Get@6f3b5d16]" started-at="2023-06-26T22:32:26 IST" name="getAllAlbumByUserId" finished-at="2023-06-26T22:32:29 IST" duration-ms="2662" status="PASS">
          <reporter-output>
          </reporter-output>
        </test-method> <!-- getAllAlbumByUserId -->
        <test-method signature="getAllPhotoByUserId()[pri:0, instance:com.lise.testCases.users.Get@6f3b5d16]" started-at="2023-06-26T22:32:29 IST" name="getAllPhotoByUserId" finished-at="2023-06-26T22:32:36 IST" duration-ms="7005" status="PASS">
          <reporter-output>
          </reporter-output>
        </test-method> <!-- getAllPhotoByUserId -->
        <test-method signature="getAllPostByUserId()[pri:0, instance:com.lise.testCases.users.Get@6f3b5d16]" started-at="2023-06-26T22:32:36 IST" name="getAllPostByUserId" finished-at="2023-06-26T22:32:38 IST" duration-ms="2126" status="PASS">
          <reporter-output>
          </reporter-output>
        </test-method> <!-- getAllPostByUserId -->
        <test-method signature="getAllTodosByUserId()[pri:0, instance:com.lise.testCases.users.Get@6f3b5d16]" started-at="2023-06-26T22:32:38 IST" name="getAllTodosByUserId" finished-at="2023-06-26T22:32:41 IST" duration-ms="3255" status="PASS">
          <reporter-output>
          </reporter-output>
        </test-method> <!-- getAllTodosByUserId -->
        <test-method signature="getAllUsers()[pri:0, instance:com.lise.testCases.users.Get@6f3b5d16]" started-at="2023-06-26T22:32:41 IST" name="getAllUsers" finished-at="2023-06-26T22:32:43 IST" duration-ms="1660" status="PASS">
          <reporter-output>
          </reporter-output>
        </test-method> <!-- getAllUsers -->
        <test-method signature="getUserById()[pri:0, instance:com.lise.testCases.users.Get@6f3b5d16]" started-at="2023-06-26T22:32:43 IST" name="getUserById" finished-at="2023-06-26T22:32:44 IST" duration-ms="1317" status="PASS">
          <reporter-output>
          </reporter-output>
        </test-method> <!-- getUserById -->
      </class> <!-- com.lise.testCases.users.Get -->
      <class name="com.lise.testCases.album.Get">
        <test-method signature="getAlbumById()[pri:0, instance:com.lise.testCases.album.Get@16aa0a0a]" started-at="2023-06-26T22:28:57 IST" name="getAlbumById" finished-at="2023-06-26T22:28:58 IST" duration-ms="984" status="PASS">
          <reporter-output>
          </reporter-output>
        </test-method> <!-- getAlbumById -->
        <test-method signature="getAllAlbumByPostId()[pri:0, instance:com.lise.testCases.album.Get@16aa0a0a]" started-at="2023-06-26T22:28:58 IST" name="getAllAlbumByPostId" finished-at="2023-06-26T22:29:00 IST" duration-ms="1900" status="PASS">
          <reporter-output>
          </reporter-output>
        </test-method> <!-- getAllAlbumByPostId -->
        <test-method signature="getAllAlbumByUserId()[pri:0, instance:com.lise.testCases.album.Get@16aa0a0a]" started-at="2023-06-26T22:29:00 IST" name="getAllAlbumByUserId" finished-at="2023-06-26T22:29:02 IST" duration-ms="1703" status="PASS">
          <reporter-output>
          </reporter-output>
        </test-method> <!-- getAllAlbumByUserId -->
        <test-method signature="getAllAlbums()[pri:0, instance:com.lise.testCases.album.Get@16aa0a0a]" started-at="2023-06-26T22:29:02 IST" name="getAllAlbums" finished-at="2023-06-26T22:29:04 IST" duration-ms="1506" status="PASS">
          <reporter-output>
          </reporter-output>
        </test-method> <!-- getAllAlbums -->
        <test-method signature="getAllCommentsByAlbumId()[pri:0, instance:com.lise.testCases.album.Get@16aa0a0a]" started-at="2023-06-26T22:29:04 IST" name="getAllCommentsByAlbumId" finished-at="2023-06-26T22:29:07 IST" duration-ms="3474" status="PASS">
          <reporter-output>
          </reporter-output>
        </test-method> <!-- getAllCommentsByAlbumId -->
        <test-method signature="getAllPhotoByAlbumId()[pri:0, instance:com.lise.testCases.album.Get@16aa0a0a]" started-at="2023-06-26T22:29:07 IST" name="getAllPhotoByAlbumId" finished-at="2023-06-26T22:29:09 IST" duration-ms="1728" status="PASS">
          <reporter-output>
          </reporter-output>
        </test-method> <!-- getAllPhotoByAlbumId -->
        <test-method signature="getAllPostsByAlbumId()[pri:0, instance:com.lise.testCases.album.Get@16aa0a0a]" started-at="2023-06-26T22:29:09 IST" name="getAllPostsByAlbumId" finished-at="2023-06-26T22:29:11 IST" duration-ms="2075" status="PASS">
          <reporter-output>
          </reporter-output>
        </test-method> <!-- getAllPostsByAlbumId -->
        <test-method signature="getAllTodosByAlbumId()[pri:0, instance:com.lise.testCases.album.Get@16aa0a0a]" started-at="2023-06-26T22:29:11 IST" name="getAllTodosByAlbumId" finished-at="2023-06-26T22:29:13 IST" duration-ms="1939" status="PASS">
          <reporter-output>
          </reporter-output>
        </test-method> <!-- getAllTodosByAlbumId -->
      </class> <!-- com.lise.testCases.album.Get -->
      <class name="com.lise.testCases.posts.Patch">
        <test-method signature="patchPostById()[pri:0, instance:com.lise.testCases.posts.Patch@23282c25]" started-at="2023-06-26T22:31:20 IST" name="patchPostById" finished-at="2023-06-26T22:31:23 IST" duration-ms="3163" status="PASS">
          <reporter-output>
          </reporter-output>
        </test-method> <!-- patchPostById -->
      </class> <!-- com.lise.testCases.posts.Patch -->
      <class name="com.lise.testCases.album.Delete">
        <test-method is-config="true" signature="BeforeSuiteTest()[pri:0, instance:com.lise.testCases.album.Delete@1d548a08]" started-at="2023-06-26T22:28:46 IST" name="BeforeSuiteTest" finished-at="2023-06-26T22:28:46 IST" duration-ms="630" status="PASS">
          <reporter-output>
          </reporter-output>
        </test-method> <!-- BeforeSuiteTest -->
        <test-method signature="deleteAlbumById()[pri:0, instance:com.lise.testCases.album.Delete@1d548a08]" started-at="2023-06-26T22:28:46 IST" name="deleteAlbumById" finished-at="2023-06-26T22:28:57 IST" duration-ms="11108" status="PASS">
          <reporter-output>
          </reporter-output>
        </test-method> <!-- deleteAlbumById -->
      </class> <!-- com.lise.testCases.album.Delete -->
      <class name="com.lise.testCases.comments.Put">
        <test-method signature="updateCommentById()[pri:0, instance:com.lise.testCases.comments.Put@e50a6f6]" started-at="2023-06-26T22:30:05 IST" name="updateCommentById" finished-at="2023-06-26T22:30:22 IST" duration-ms="16935" status="PASS">
          <reporter-output>
          </reporter-output>
        </test-method> <!-- updateCommentById -->
      </class> <!-- com.lise.testCases.comments.Put -->
      <class name="com.lise.testCases.todos.Post">
        <test-method signature="createTodo()[pri:0, instance:com.lise.testCases.todos.Post@3d299e3]" started-at="2023-06-26T22:31:55 IST" name="createTodo" finished-at="2023-06-26T22:32:00 IST" duration-ms="4356" status="PASS">
          <reporter-output>
          </reporter-output>
        </test-method> <!-- createTodo -->
      </class> <!-- com.lise.testCases.todos.Post -->
      <class name="com.lise.testCases.photos.Delete">
        <test-method signature="deletePhotoById()[pri:0, instance:com.lise.testCases.photos.Delete@14ec4505]" started-at="2023-06-26T22:30:22 IST" name="deletePhotoById" finished-at="2023-06-26T22:30:32 IST" duration-ms="10207" status="PASS">
          <reporter-output>
          </reporter-output>
        </test-method> <!-- deletePhotoById -->
      </class> <!-- com.lise.testCases.photos.Delete -->
      <class name="com.lise.testCases.todos.Get">
        <test-method signature="getAllAlbumByTodoId()[pri:0, instance:com.lise.testCases.todos.Get@5906ebcb]" started-at="2023-06-26T22:31:37 IST" name="getAllAlbumByTodoId" finished-at="2023-06-26T22:31:38 IST" duration-ms="1227" status="PASS">
          <reporter-output>
          </reporter-output>
        </test-method> <!-- getAllAlbumByTodoId -->
        <test-method signature="getAllCommentsByTodoId()[pri:0, instance:com.lise.testCases.todos.Get@5906ebcb]" started-at="2023-06-26T22:31:38 IST" name="getAllCommentsByTodoId" finished-at="2023-06-26T22:31:39 IST" duration-ms="1457" status="PASS">
          <reporter-output>
          </reporter-output>
        </test-method> <!-- getAllCommentsByTodoId -->
        <test-method signature="getAllPhotoByTodoId()[pri:0, instance:com.lise.testCases.todos.Get@5906ebcb]" started-at="2023-06-26T22:31:39 IST" name="getAllPhotoByTodoId" finished-at="2023-06-26T22:31:42 IST" duration-ms="2872" status="PASS">
          <reporter-output>
          </reporter-output>
        </test-method> <!-- getAllPhotoByTodoId -->
        <test-method signature="getAllPostByTodoId()[pri:0, instance:com.lise.testCases.todos.Get@5906ebcb]" started-at="2023-06-26T22:31:42 IST" name="getAllPostByTodoId" finished-at="2023-06-26T22:31:43 IST" duration-ms="485" status="PASS">
          <reporter-output>
          </reporter-output>
        </test-method> <!-- getAllPostByTodoId -->
        <test-method signature="getAllTodoByUserId()[pri:0, instance:com.lise.testCases.todos.Get@5906ebcb]" started-at="2023-06-26T22:31:43 IST" name="getAllTodoByUserId" finished-at="2023-06-26T22:31:44 IST" duration-ms="1124" status="PASS">
          <reporter-output>
          </reporter-output>
        </test-method> <!-- getAllTodoByUserId -->
        <test-method signature="getAllTodos()[pri:0, instance:com.lise.testCases.todos.Get@5906ebcb]" started-at="2023-06-26T22:31:44 IST" name="getAllTodos" finished-at="2023-06-26T22:31:45 IST" duration-ms="552" status="PASS">
          <reporter-output>
          </reporter-output>
        </test-method> <!-- getAllTodos -->
        <test-method signature="getTodoById()[pri:0, instance:com.lise.testCases.todos.Get@5906ebcb]" started-at="2023-06-26T22:31:45 IST" name="getTodoById" finished-at="2023-06-26T22:31:45 IST" duration-ms="532" status="PASS">
          <reporter-output>
          </reporter-output>
        </test-method> <!-- getTodoById -->
      </class> <!-- com.lise.testCases.todos.Get -->
      <class name="com.lise.testCases.comments.Get">
        <test-method signature="getAlbumByCommentId()[pri:0, instance:com.lise.testCases.comments.Get@17c1bced]" started-at="2023-06-26T22:29:42 IST" name="getAlbumByCommentId" finished-at="2023-06-26T22:29:44 IST" duration-ms="1832" status="PASS">
          <reporter-output>
          </reporter-output>
        </test-method> <!-- getAlbumByCommentId -->
        <test-method signature="getAllComments()[pri:0, instance:com.lise.testCases.comments.Get@17c1bced]" started-at="2023-06-26T22:29:44 IST" name="getAllComments" finished-at="2023-06-26T22:29:45 IST" duration-ms="1161" status="PASS">
          <reporter-output>
          </reporter-output>
        </test-method> <!-- getAllComments -->
        <test-method signature="getAllCommentsByPostId()[pri:0, instance:com.lise.testCases.comments.Get@17c1bced]" started-at="2023-06-26T22:29:45 IST" name="getAllCommentsByPostId" finished-at="2023-06-26T22:29:46 IST" duration-ms="1271" status="PASS">
          <reporter-output>
          </reporter-output>
        </test-method> <!-- getAllCommentsByPostId -->
        <test-method signature="getAllPhotoByCommentsId()[pri:0, instance:com.lise.testCases.comments.Get@17c1bced]" started-at="2023-06-26T22:29:46 IST" name="getAllPhotoByCommentsId" finished-at="2023-06-26T22:29:49 IST" duration-ms="2877" status="PASS">
          <reporter-output>
          </reporter-output>
        </test-method> <!-- getAllPhotoByCommentsId -->
        <test-method signature="getAllTodosByCommentId()[pri:0, instance:com.lise.testCases.comments.Get@17c1bced]" started-at="2023-06-26T22:29:49 IST" name="getAllTodosByCommentId" finished-at="2023-06-26T22:29:50 IST" duration-ms="817" status="PASS">
          <reporter-output>
          </reporter-output>
        </test-method> <!-- getAllTodosByCommentId -->
        <test-method signature="getCommentById()[pri:0, instance:com.lise.testCases.comments.Get@17c1bced]" started-at="2023-06-26T22:29:50 IST" name="getCommentById" finished-at="2023-06-26T22:29:51 IST" duration-ms="826" status="PASS">
          <reporter-output>
          </reporter-output>
        </test-method> <!-- getCommentById -->
      </class> <!-- com.lise.testCases.comments.Get -->
      <class name="com.lise.testCases.photos.Post">
        <test-method signature="createPhoto()[pri:0, instance:com.lise.testCases.photos.Post@3ee0fea4]" started-at="2023-06-26T22:30:57 IST" name="createPhoto" finished-at="2023-06-26T22:31:02 IST" duration-ms="4709" status="PASS">
          <reporter-output>
          </reporter-output>
        </test-method> <!-- createPhoto -->
      </class> <!-- com.lise.testCases.photos.Post -->
      <class name="com.lise.testCases.users.Delete">
        <test-method signature="deleteUserById()[pri:0, instance:com.lise.testCases.users.Delete@3b938003]" started-at="2023-06-26T22:32:16 IST" name="deleteUserById" finished-at="2023-06-26T22:32:26 IST" duration-ms="10311" status="PASS">
          <reporter-output>
          </reporter-output>
        </test-method> <!-- deleteUserById -->
      </class> <!-- com.lise.testCases.users.Delete -->
      <class name="com.lise.testCases.photos.Put">
        <test-method signature="updatePhoto()[pri:0, instance:com.lise.testCases.photos.Put@48524010]" started-at="2023-06-26T22:31:02 IST" name="updatePhoto" finished-at="2023-06-26T22:31:10 IST" duration-ms="8367" status="PASS">
          <reporter-output>
          </reporter-output>
        </test-method> <!-- updatePhoto -->
      </class> <!-- com.lise.testCases.photos.Put -->
      <class name="com.lise.testCases.users.Patch">
        <test-method signature="patchUserById()[pri:0, instance:com.lise.testCases.users.Patch@78b1cc93]" started-at="2023-06-26T22:32:44 IST" name="patchUserById" finished-at="2023-06-26T22:32:53 IST" duration-ms="9179" status="PASS">
          <reporter-output>
          </reporter-output>
        </test-method> <!-- patchUserById -->
      </class> <!-- com.lise.testCases.users.Patch -->
      <class name="com.lise.testCases.posts.Get">
        <test-method signature="getAllAlbumByPostId()[pri:0, instance:com.lise.testCases.posts.Get@1a84f40f]" started-at="2023-06-26T22:31:15 IST" name="getAllAlbumByPostId" finished-at="2023-06-26T22:31:15 IST" duration-ms="707" status="PASS">
          <reporter-output>
          </reporter-output>
        </test-method> <!-- getAllAlbumByPostId -->
        <test-method signature="getAllCommentByPostsId()[pri:0, instance:com.lise.testCases.posts.Get@1a84f40f]" started-at="2023-06-26T22:31:15 IST" name="getAllCommentByPostsId" finished-at="2023-06-26T22:31:16 IST" duration-ms="456" status="PASS">
          <reporter-output>
          </reporter-output>
        </test-method> <!-- getAllCommentByPostsId -->
        <test-method signature="getAllPhotoByPostId()[pri:0, instance:com.lise.testCases.posts.Get@1a84f40f]" started-at="2023-06-26T22:31:16 IST" name="getAllPhotoByPostId" finished-at="2023-06-26T22:31:18 IST" duration-ms="2142" status="PASS">
          <reporter-output>
          </reporter-output>
        </test-method> <!-- getAllPhotoByPostId -->
        <test-method signature="getAllPostByUserId()[pri:0, instance:com.lise.testCases.posts.Get@1a84f40f]" started-at="2023-06-26T22:31:18 IST" name="getAllPostByUserId" finished-at="2023-06-26T22:31:18 IST" duration-ms="475" status="PASS">
          <reporter-output>
          </reporter-output>
        </test-method> <!-- getAllPostByUserId -->
        <test-method signature="getAllPosts()[pri:0, instance:com.lise.testCases.posts.Get@1a84f40f]" started-at="2023-06-26T22:31:18 IST" name="getAllPosts" finished-at="2023-06-26T22:31:19 IST" duration-ms="449" status="PASS">
          <reporter-output>
          </reporter-output>
        </test-method> <!-- getAllPosts -->
        <test-method signature="getAllTodosByPostId()[pri:0, instance:com.lise.testCases.posts.Get@1a84f40f]" started-at="2023-06-26T22:31:19 IST" name="getAllTodosByPostId" finished-at="2023-06-26T22:31:19 IST" duration-ms="459" status="PASS">
          <reporter-output>
          </reporter-output>
        </test-method> <!-- getAllTodosByPostId -->
        <test-method signature="getPostById()[pri:0, instance:com.lise.testCases.posts.Get@1a84f40f]" started-at="2023-06-26T22:31:19 IST" name="getPostById" finished-at="2023-06-26T22:31:20 IST" duration-ms="416" status="PASS">
          <reporter-output>
          </reporter-output>
        </test-method> <!-- getPostById -->
      </class> <!-- com.lise.testCases.posts.Get -->
      <class name="com.lise.testCases.todos.Put">
        <test-method signature="updateTodoById()[pri:0, instance:com.lise.testCases.todos.Put@55a561cf]" started-at="2023-06-26T22:32:00 IST" name="updateTodoById" finished-at="2023-06-26T22:32:16 IST" duration-ms="16116" status="PASS">
          <reporter-output>
          </reporter-output>
        </test-method> <!-- updateTodoById -->
      </class> <!-- com.lise.testCases.todos.Put -->
      <class name="com.lise.testCases.posts.Post">
        <test-method signature="createPost()[pri:0, instance:com.lise.testCases.posts.Post@7920ba90]" started-at="2023-06-26T22:31:23 IST" name="createPost" finished-at="2023-06-26T22:31:26 IST" duration-ms="2582" status="PASS">
          <reporter-output>
          </reporter-output>
        </test-method> <!-- createPost -->
      </class> <!-- com.lise.testCases.posts.Post -->
      <class name="com.lise.testCases.album.Post">
        <test-method signature="createAlbum()[pri:0, instance:com.lise.testCases.album.Post@691a7f8f]" started-at="2023-06-26T22:29:20 IST" name="createAlbum" finished-at="2023-06-26T22:29:25 IST" duration-ms="4503" status="PASS">
          <reporter-output>
          </reporter-output>
        </test-method> <!-- createAlbum -->
      </class> <!-- com.lise.testCases.album.Post -->
      <class name="com.lise.testCases.comments.Patch">
        <test-method signature="patchCommentById()[pri:0, instance:com.lise.testCases.comments.Patch@2d9d4f9d]" started-at="2023-06-26T22:29:51 IST" name="patchCommentById" finished-at="2023-06-26T22:30:00 IST" duration-ms="9410" status="PASS">
          <reporter-output>
          </reporter-output>
        </test-method> <!-- patchCommentById -->
      </class> <!-- com.lise.testCases.comments.Patch -->
      <class name="com.lise.testCases.users.Post">
        <test-method signature="createUser()[pri:0, instance:com.lise.testCases.users.Post@6646153]" started-at="2023-06-26T22:32:53 IST" name="createUser" finished-at="2023-06-26T22:32:55 IST" duration-ms="2083" status="PASS">
          <reporter-output>
          </reporter-output>
        </test-method> <!-- createUser -->
      </class> <!-- com.lise.testCases.users.Post -->
      <class name="com.lise.testCases.posts.Put">
        <test-method signature="updatePostById()[pri:0, instance:com.lise.testCases.posts.Put@6b419da]" started-at="2023-06-26T22:31:26 IST" name="updatePostById" finished-at="2023-06-26T22:31:31 IST" duration-ms="5121" status="PASS">
          <reporter-output>
          </reporter-output>
        </test-method> <!-- updatePostById -->
      </class> <!-- com.lise.testCases.posts.Put -->
      <class name="com.lise.testCases.comments.Post">
        <test-method signature="createComments()[pri:0, instance:com.lise.testCases.comments.Post@4034c28c]" started-at="2023-06-26T22:30:00 IST" name="createComments" finished-at="2023-06-26T22:30:05 IST" duration-ms="4978" status="PASS">
          <reporter-output>
          </reporter-output>
        </test-method> <!-- createComments -->
      </class> <!-- com.lise.testCases.comments.Post -->
      <class name="com.lise.testCases.photos.Get">
        <test-method signature="getAllAlbumByPhotoId()[pri:0, instance:com.lise.testCases.photos.Get@53ca01a2]" started-at="2023-06-26T22:30:32 IST" name="getAllAlbumByPhotoId" finished-at="2023-06-26T22:30:33 IST" duration-ms="568" status="PASS">
          <reporter-output>
          </reporter-output>
        </test-method> <!-- getAllAlbumByPhotoId -->
        <test-method signature="getAllCommentsByPhotoId()[pri:0, instance:com.lise.testCases.photos.Get@53ca01a2]" started-at="2023-06-26T22:30:33 IST" name="getAllCommentsByPhotoId" finished-at="2023-06-26T22:30:34 IST" duration-ms="828" status="PASS">
          <reporter-output>
          </reporter-output>
        </test-method> <!-- getAllCommentsByPhotoId -->
        <test-method signature="getAllPhotoByAlbumId()[pri:0, instance:com.lise.testCases.photos.Get@53ca01a2]" started-at="2023-06-26T22:30:34 IST" name="getAllPhotoByAlbumId" finished-at="2023-06-26T22:30:35 IST" duration-ms="1292" status="PASS">
          <reporter-output>
          </reporter-output>
        </test-method> <!-- getAllPhotoByAlbumId -->
        <test-method signature="getAllPhotos()[pri:0, instance:com.lise.testCases.photos.Get@53ca01a2]" started-at="2023-06-26T22:30:35 IST" name="getAllPhotos" finished-at="2023-06-26T22:30:40 IST" duration-ms="5211" status="PASS">
          <reporter-output>
          </reporter-output>
        </test-method> <!-- getAllPhotos -->
        <test-method signature="getAllPostByPhotoId()[pri:0, instance:com.lise.testCases.photos.Get@53ca01a2]" started-at="2023-06-26T22:30:40 IST" name="getAllPostByPhotoId" finished-at="2023-06-26T22:30:46 IST" duration-ms="5662" status="PASS">
          <reporter-output>
          </reporter-output>
        </test-method> <!-- getAllPostByPhotoId -->
        <test-method signature="getAllTodosByPhotoId()[pri:0, instance:com.lise.testCases.photos.Get@53ca01a2]" started-at="2023-06-26T22:30:46 IST" name="getAllTodosByPhotoId" finished-at="2023-06-26T22:30:47 IST" duration-ms="1211" status="PASS">
          <reporter-output>
          </reporter-output>
        </test-method> <!-- getAllTodosByPhotoId -->
        <test-method signature="getPhotoById()[pri:0, instance:com.lise.testCases.photos.Get@53ca01a2]" started-at="2023-06-26T22:30:47 IST" name="getPhotoById" finished-at="2023-06-26T22:30:49 IST" duration-ms="1333" status="PASS">
          <reporter-output>
          </reporter-output>
        </test-method> <!-- getPhotoById -->
      </class> <!-- com.lise.testCases.photos.Get -->
      <class name="com.lise.testCases.comments.Delete">
        <test-method signature="deleteCommentsById()[pri:0, instance:com.lise.testCases.comments.Delete@161b062a]" started-at="2023-06-26T22:29:31 IST" name="deleteCommentsById" finished-at="2023-06-26T22:29:42 IST" duration-ms="11568" status="PASS">
          <reporter-output>
          </reporter-output>
        </test-method> <!-- deleteCommentsById -->
      </class> <!-- com.lise.testCases.comments.Delete -->
      <class name="com.lise.testCases.users.Put">
        <test-method signature="updateUserById()[pri:0, instance:com.lise.testCases.users.Put@21507a04]" started-at="2023-06-26T22:32:55 IST" name="updateUserById" finished-at="2023-06-26T22:32:59 IST" duration-ms="4083" status="PASS">
          <reporter-output>
          </reporter-output>
        </test-method> <!-- updateUserById -->
      </class> <!-- com.lise.testCases.users.Put -->
      <class name="com.lise.testCases.posts.Delete">
        <test-method signature="deletePostById()[pri:0, instance:com.lise.testCases.posts.Delete@4b168fa9]" started-at="2023-06-26T22:31:10 IST" name="deletePostById" finished-at="2023-06-26T22:31:15 IST" duration-ms="4531" status="PASS">
          <reporter-output>
          </reporter-output>
        </test-method> <!-- deletePostById -->
      </class> <!-- com.lise.testCases.posts.Delete -->
      <class name="com.lise.testCases.album.Patch">
        <test-method signature="patchAlbum()[pri:0, instance:com.lise.testCases.album.Patch@780cb77]" started-at="2023-06-26T22:29:13 IST" name="patchAlbum" finished-at="2023-06-26T22:29:20 IST" duration-ms="7370" status="PASS">
          <reporter-output>
          </reporter-output>
        </test-method> <!-- patchAlbum -->
      </class> <!-- com.lise.testCases.album.Patch -->
      <class name="com.lise.testCases.todos.Delete">
        <test-method signature="deleteTodoById()[pri:0, instance:com.lise.testCases.todos.Delete@3b2da18f]" started-at="2023-06-26T22:31:31 IST" name="deleteTodoById" finished-at="2023-06-26T22:31:37 IST" duration-ms="6141" status="PASS">
          <reporter-output>
          </reporter-output>
        </test-method> <!-- deleteTodoById -->
      </class> <!-- com.lise.testCases.todos.Delete -->
    </test> <!-- /Users/apple/Desktop/code/second2project/javaCoreProject/JsonHolder -->
  </suite> <!-- All Test Suite -->
</testng-results>
