<?xml version="1.0" encoding="UTF-8"?>
<!-- Generated by org.testng.reporters.JUnitXMLReporter -->
<testsuite ignored="29" hostname="Apples-MacBook-Pro.local" failures="0" tests="65" name="/Users/apple/Desktop/code/second2project/javaCoreProject/JsonHolder" time="252.952" errors="0" timestamp="2023-06-26T22:33:04 IST">
  <testcase classname="com.lise.testCases.album.Delete" name="deleteAlbumById" time="11.108"/>
  <testcase classname="com.lise.testCases.album.Get" name="getAlbumById" time="0.984"/>
  <testcase classname="com.lise.testCases.album.Get" name="getAllAlbumByPostId" time="1.9"/>
  <testcase classname="com.lise.testCases.album.Get" name="getAllAlbumByUserId" time="1.703"/>
  <testcase classname="com.lise.testCases.album.Get" name="getAllAlbums" time="1.506"/>
  <testcase classname="com.lise.testCases.album.Get" name="getAllCommentsByAlbumId" time="3.474"/>
  <testcase classname="com.lise.testCases.album.Get" name="getAllPhotoByAlbumId" time="1.728"/>
  <testcase classname="com.lise.testCases.album.Get" name="getAllPostsByAlbumId" time="2.075"/>
  <testcase classname="com.lise.testCases.album.Get" name="getAllTodosByAlbumId" time="1.939"/>
  <testcase classname="com.lise.testCases.album.Patch" name="patchAlbum" time="7.37"/>
  <testcase classname="com.lise.testCases.album.Post" name="createAlbum" time="4.503"/>
  <testcase classname="com.lise.testCases.album.Put" name="updateAlbum" time="5.864"/>
  <testcase classname="com.lise.testCases.comments.Delete" name="deleteCommentsById" time="11.568"/>
  <testcase classname="com.lise.testCases.comments.Get" name="getAlbumByCommentId" time="1.832"/>
  <testcase classname="com.lise.testCases.comments.Get" name="getAllComments" time="1.161"/>
  <testcase classname="com.lise.testCases.comments.Get" name="getAllCommentsByPostId" time="1.271"/>
  <testcase classname="com.lise.testCases.comments.Get" name="getAllPhotoByCommentsId" time="2.877"/>
  <testcase classname="com.lise.testCases.comments.Get" name="getAllTodosByCommentId" time="0.817"/>
  <testcase classname="com.lise.testCases.comments.Get" name="getCommentById" time="0.826"/>
  <testcase classname="com.lise.testCases.comments.Patch" name="patchCommentById" time="9.41"/>
  <testcase classname="com.lise.testCases.comments.Post" name="createComments" time="4.978"/>
  <testcase classname="com.lise.testCases.comments.Put" name="updateCommentById" time="16.935"/>
  <testcase classname="com.lise.testCases.photos.Delete" name="deletePhotoById" time="10.207"/>
  <testcase classname="com.lise.testCases.photos.Get" name="getAllAlbumByPhotoId" time="0.568"/>
  <testcase classname="com.lise.testCases.photos.Get" name="getAllCommentsByPhotoId" time="0.828"/>
  <testcase classname="com.lise.testCases.photos.Get" name="getAllPhotoByAlbumId" time="1.292"/>
  <testcase classname="com.lise.testCases.photos.Get" name="getAllPhotos" time="5.211"/>
  <testcase classname="com.lise.testCases.photos.Get" name="getAllPostByPhotoId" time="5.662"/>
  <testcase classname="com.lise.testCases.photos.Get" name="getAllTodosByPhotoId" time="1.211"/>
  <testcase classname="com.lise.testCases.photos.Get" name="getPhotoById" time="1.333"/>
  <testcase classname="com.lise.testCases.photos.Patch" name="patchPhoto" time="8.496"/>
  <testcase classname="com.lise.testCases.photos.Post" name="createPhoto" time="4.709"/>
  <testcase classname="com.lise.testCases.photos.Put" name="updatePhoto" time="8.367"/>
  <testcase classname="com.lise.testCases.posts.Delete" name="deletePostById" time="4.531"/>
  <testcase classname="com.lise.testCases.posts.Get" name="getAllAlbumByPostId" time="0.707"/>
  <testcase classname="com.lise.testCases.posts.Get" name="getAllCommentByPostsId" time="0.456"/>
  <testcase classname="com.lise.testCases.posts.Get" name="getAllPhotoByPostId" time="2.142"/>
  <testcase classname="com.lise.testCases.posts.Get" name="getAllPostByUserId" time="0.475"/>
  <testcase classname="com.lise.testCases.posts.Get" name="getAllPosts" time="0.449"/>
  <testcase classname="com.lise.testCases.posts.Get" name="getAllTodosByPostId" time="0.459"/>
  <testcase classname="com.lise.testCases.posts.Get" name="getPostById" time="0.416"/>
  <testcase classname="com.lise.testCases.posts.Patch" name="patchPostById" time="3.163"/>
  <testcase classname="com.lise.testCases.posts.Post" name="createPost" time="2.582"/>
  <testcase classname="com.lise.testCases.posts.Put" name="updatePostById" time="5.121"/>
  <testcase classname="com.lise.testCases.todos.Delete" name="deleteTodoById" time="6.141"/>
  <testcase classname="com.lise.testCases.todos.Get" name="getAllAlbumByTodoId" time="1.227"/>
  <testcase classname="com.lise.testCases.todos.Get" name="getAllCommentsByTodoId" time="1.457"/>
  <testcase classname="com.lise.testCases.todos.Get" name="getAllPhotoByTodoId" time="2.872"/>
  <testcase classname="com.lise.testCases.todos.Get" name="getAllPostByTodoId" time="0.485"/>
  <testcase classname="com.lise.testCases.todos.Get" name="getAllTodoByUserId" time="1.124"/>
  <testcase classname="com.lise.testCases.todos.Get" name="getAllTodos" time="0.552"/>
  <testcase classname="com.lise.testCases.todos.Get" name="getTodoById" time="0.532"/>
  <testcase classname="com.lise.testCases.todos.Patch" name="patchTodoById" time="10.111"/>
  <testcase classname="com.lise.testCases.todos.Post" name="createTodo" time="4.356"/>
  <testcase classname="com.lise.testCases.todos.Put" name="updateTodoById" time="16.116"/>
  <testcase classname="com.lise.testCases.users.Delete" name="deleteUserById" time="10.311"/>
  <testcase classname="com.lise.testCases.users.Get" name="getAllAlbumByUserId" time="2.662"/>
  <testcase classname="com.lise.testCases.users.Get" name="getAllPhotoByUserId" time="7.005"/>
  <testcase classname="com.lise.testCases.users.Get" name="getAllPostByUserId" time="2.126"/>
  <testcase classname="com.lise.testCases.users.Get" name="getAllTodosByUserId" time="3.255"/>
  <testcase classname="com.lise.testCases.users.Get" name="getAllUsers" time="1.66"/>
  <testcase classname="com.lise.testCases.users.Get" name="getUserById" time="1.317"/>
  <testcase classname="com.lise.testCases.users.Patch" name="patchUserById" time="9.179"/>
  <testcase classname="com.lise.testCases.users.Post" name="createUser" time="2.083"/>
  <testcase classname="com.lise.testCases.users.Put" name="updateUserById" time="4.083"/>
  <testcase classname="com.lise.BaseClass" name="@BeforeSuite BeforeSuiteTest" time="0.0">
    <ignored/>
  </testcase> <!-- @BeforeSuite BeforeSuiteTest -->
  <testcase classname="com.lise.BaseClass" name="@BeforeSuite BeforeSuiteTest" time="0.0">
    <ignored/>
  </testcase> <!-- @BeforeSuite BeforeSuiteTest -->
  <testcase classname="com.lise.BaseClass" name="@BeforeSuite BeforeSuiteTest" time="0.0">
    <ignored/>
  </testcase> <!-- @BeforeSuite BeforeSuiteTest -->
  <testcase classname="com.lise.BaseClass" name="@BeforeSuite BeforeSuiteTest" time="0.0">
    <ignored/>
  </testcase> <!-- @BeforeSuite BeforeSuiteTest -->
  <testcase classname="com.lise.BaseClass" name="@BeforeSuite BeforeSuiteTest" time="0.0">
    <ignored/>
  </testcase> <!-- @BeforeSuite BeforeSuiteTest -->
  <testcase classname="com.lise.BaseClass" name="@BeforeSuite BeforeSuiteTest" time="0.0">
    <ignored/>
  </testcase> <!-- @BeforeSuite BeforeSuiteTest -->
  <testcase classname="com.lise.BaseClass" name="@BeforeSuite BeforeSuiteTest" time="0.0">
    <ignored/>
  </testcase> <!-- @BeforeSuite BeforeSuiteTest -->
  <testcase classname="com.lise.BaseClass" name="@BeforeSuite BeforeSuiteTest" time="0.0">
    <ignored/>
  </testcase> <!-- @BeforeSuite BeforeSuiteTest -->
  <testcase classname="com.lise.BaseClass" name="@BeforeSuite BeforeSuiteTest" time="0.0">
    <ignored/>
  </testcase> <!-- @BeforeSuite BeforeSuiteTest -->
  <testcase classname="com.lise.BaseClass" name="@BeforeSuite BeforeSuiteTest" time="0.0">
    <ignored/>
  </testcase> <!-- @BeforeSuite BeforeSuiteTest -->
  <testcase classname="com.lise.BaseClass" name="@BeforeSuite BeforeSuiteTest" time="0.0">
    <ignored/>
  </testcase> <!-- @BeforeSuite BeforeSuiteTest -->
  <testcase classname="com.lise.BaseClass" name="@BeforeSuite BeforeSuiteTest" time="0.0">
    <ignored/>
  </testcase> <!-- @BeforeSuite BeforeSuiteTest -->
  <testcase classname="com.lise.BaseClass" name="@BeforeSuite BeforeSuiteTest" time="0.0">
    <ignored/>
  </testcase> <!-- @BeforeSuite BeforeSuiteTest -->
  <testcase classname="com.lise.BaseClass" name="@BeforeSuite BeforeSuiteTest" time="0.0">
    <ignored/>
  </testcase> <!-- @BeforeSuite BeforeSuiteTest -->
  <testcase classname="com.lise.BaseClass" name="@BeforeSuite BeforeSuiteTest" time="0.0">
    <ignored/>
  </testcase> <!-- @BeforeSuite BeforeSuiteTest -->
  <testcase classname="com.lise.BaseClass" name="@BeforeSuite BeforeSuiteTest" time="0.0">
    <ignored/>
  </testcase> <!-- @BeforeSuite BeforeSuiteTest -->
  <testcase classname="com.lise.BaseClass" name="@BeforeSuite BeforeSuiteTest" time="0.0">
    <ignored/>
  </testcase> <!-- @BeforeSuite BeforeSuiteTest -->
  <testcase classname="com.lise.BaseClass" name="@BeforeSuite BeforeSuiteTest" time="0.0">
    <ignored/>
  </testcase> <!-- @BeforeSuite BeforeSuiteTest -->
  <testcase classname="com.lise.BaseClass" name="@BeforeSuite BeforeSuiteTest" time="0.0">
    <ignored/>
  </testcase> <!-- @BeforeSuite BeforeSuiteTest -->
  <testcase classname="com.lise.BaseClass" name="@BeforeSuite BeforeSuiteTest" time="0.0">
    <ignored/>
  </testcase> <!-- @BeforeSuite BeforeSuiteTest -->
  <testcase classname="com.lise.BaseClass" name="@BeforeSuite BeforeSuiteTest" time="0.0">
    <ignored/>
  </testcase> <!-- @BeforeSuite BeforeSuiteTest -->
  <testcase classname="com.lise.BaseClass" name="@BeforeSuite BeforeSuiteTest" time="0.0">
    <ignored/>
  </testcase> <!-- @BeforeSuite BeforeSuiteTest -->
  <testcase classname="com.lise.BaseClass" name="@BeforeSuite BeforeSuiteTest" time="0.0">
    <ignored/>
  </testcase> <!-- @BeforeSuite BeforeSuiteTest -->
  <testcase classname="com.lise.BaseClass" name="@BeforeSuite BeforeSuiteTest" time="0.0">
    <ignored/>
  </testcase> <!-- @BeforeSuite BeforeSuiteTest -->
  <testcase classname="com.lise.BaseClass" name="@BeforeSuite BeforeSuiteTest" time="0.0">
    <ignored/>
  </testcase> <!-- @BeforeSuite BeforeSuiteTest -->
  <testcase classname="com.lise.BaseClass" name="@BeforeSuite BeforeSuiteTest" time="0.0">
    <ignored/>
  </testcase> <!-- @BeforeSuite BeforeSuiteTest -->
  <testcase classname="com.lise.BaseClass" name="@BeforeSuite BeforeSuiteTest" time="0.0">
    <ignored/>
  </testcase> <!-- @BeforeSuite BeforeSuiteTest -->
  <testcase classname="com.lise.BaseClass" name="@BeforeSuite BeforeSuiteTest" time="0.0">
    <ignored/>
  </testcase> <!-- @BeforeSuite BeforeSuiteTest -->
  <testcase classname="com.lise.BaseClass" name="@BeforeSuite BeforeSuiteTest" time="0.0">
    <ignored/>
  </testcase> <!-- @BeforeSuite BeforeSuiteTest -->
</testsuite> <!-- /Users/apple/Desktop/code/second2project/javaCoreProject/JsonHolder -->
